<?xml version="1.0" encoding="UTF-8"?>
<testsuite name="alibris.Livro" tests="1" skipped="0" failures="0" errors="0" timestamp="2021-02-21T14:07:29" hostname="LONDON" time="12.306">
  <properties/>
  <testcase name="consultaLivro" classname="alibris.Livro" time="12.306"/>
  <system-out><![CDATA[]]></system-out>
  <system-err><![CDATA[Starting ChromeDriver 88.0.4324.96 (68dba2d8a0b149a1d3afac56fa74648032bcf46b-refs/branch-heads/4324@{#1784}) on port 27922
Only local connections are allowed.
Please see https://chromedriver.chromium.org/security-considerations for suggestions on keeping ChromeDriver safe.
ChromeDriver was started successfully.
fev 21, 2021 11:07:33 AM org.openqa.selenium.remote.ProtocolHandshake createSession
INFORMAÇÕES: Detected dialect: W3C
]]></system-err>
</testsuite>
